\BOOKMARK [0][-]{chapter.1}{\376\377\0001\000\040\000R\000e\000p\000\040\000d\000e\000l\000\040\000T\000D\000A\000\040\000v\000e\000c\000t\000o\000r\000D}{}% 1
\BOOKMARK [1][-]{section.1.1}{\376\377\0001\000.\0001\000\040\000I\000n\000v\000a\000r\000i\000a\000n\000t\000e\000\040\000d\000e\000\040\000l\000a\000\040\000r\000e\000p\000r\000e\000s\000e\000n\000t\000a\000c\000i\000\363\000n}{chapter.1}% 2
\BOOKMARK [1][-]{section.1.2}{\376\377\0001\000.\0002\000\040\000F\000u\000n\000c\000i\000\363\000n\000\040\000d\000e\000\040\000a\000b\000s\000t\000r\000a\000c\000c\000i\000\363\000n}{chapter.1}% 3
\BOOKMARK [0][-]{chapter.2}{\376\377\0002\000\040\000\315\000n\000d\000i\000c\000e\000\040\000d\000e\000\040\000c\000l\000a\000s\000e\000s}{}% 4
\BOOKMARK [1][-]{section.2.1}{\376\377\0002\000.\0001\000\040\000L\000i\000s\000t\000a\000\040\000d\000e\000\040\000c\000l\000a\000s\000e\000s}{chapter.2}% 5
\BOOKMARK [0][-]{chapter.3}{\376\377\0003\000\040\000I\000n\000d\000i\000c\000e\000\040\000d\000e\000\040\000a\000r\000c\000h\000i\000v\000o\000s}{}% 6
\BOOKMARK [1][-]{section.3.1}{\376\377\0003\000.\0001\000\040\000L\000i\000s\000t\000a\000\040\000d\000e\000\040\000a\000r\000c\000h\000i\000v\000o\000s}{chapter.3}% 7
\BOOKMARK [0][-]{chapter.4}{\376\377\0004\000\040\000D\000o\000c\000u\000m\000e\000n\000t\000a\000c\000i\000\363\000n\000\040\000d\000e\000\040\000l\000a\000s\000\040\000c\000l\000a\000s\000e\000s}{}% 8
\BOOKMARK [1][-]{section.4.1}{\376\377\0004\000.\0001\000\040\000R\000e\000f\000e\000r\000e\000n\000c\000i\000a\000\040\000d\000e\000\040\000l\000a\000\040\000C\000l\000a\000s\000e\000\040\000v\000e\000c\000t\000o\000r\000D\000<\000\040\000T\000\040\000>\000:\000:\000i\000t\000e\000r\000a\000t\000o\000r}{chapter.4}% 9
\BOOKMARK [1][-]{section.4.2}{\376\377\0004\000.\0002\000\040\000R\000e\000f\000e\000r\000e\000n\000c\000i\000a\000\040\000d\000e\000\040\000l\000a\000\040\000C\000l\000a\000s\000e\000\040\000v\000e\000c\000t\000o\000r\000D\000<\000\040\000T\000\040\000>\000:\000:\000s\000t\000o\000r\000e\000d\000\137\000i\000t\000e\000r\000a\000t\000o\000r}{chapter.4}% 10
\BOOKMARK [1][-]{section.4.3}{\376\377\0004\000.\0003\000\040\000R\000e\000f\000e\000r\000e\000n\000c\000i\000a\000\040\000d\000e\000\040\000l\000a\000\040\000p\000l\000a\000n\000t\000i\000l\000l\000a\000\040\000d\000e\000\040\000l\000a\000\040\000C\000l\000a\000s\000e\000\040\000v\000e\000c\000t\000o\000r\000D\000<\000\040\000T\000\040\000>}{chapter.4}% 11
\BOOKMARK [2][-]{subsection.4.3.1}{\376\377\0004\000.\0003\000.\0001\000\040\000D\000e\000s\000c\000r\000i\000p\000c\000i\000\363\000n\000\040\000d\000e\000t\000a\000l\000l\000a\000d\000a}{section.4.3}% 12
\BOOKMARK [2][-]{subsection.4.3.2}{\376\377\0004\000.\0003\000.\0002\000\040\000D\000o\000c\000u\000m\000e\000n\000t\000a\000c\000i\000\363\000n\000\040\000d\000e\000l\000\040\000c\000o\000n\000s\000t\000r\000u\000c\000t\000o\000r\000\040\000y\000\040\000d\000e\000s\000t\000r\000u\000c\000t\000o\000r}{section.4.3}% 13
\BOOKMARK [3][-]{subsubsection.4.3.2.1}{\376\377\0004\000.\0003\000.\0002\000.\0001\000\040\000v\000e\000c\000t\000o\000r\000D\000\050\000\051\000\040\000[\0001\000/\0002\000]}{subsection.4.3.2}% 14
\BOOKMARK [3][-]{subsubsection.4.3.2.2}{\376\377\0004\000.\0003\000.\0002\000.\0002\000\040\000v\000e\000c\000t\000o\000r\000D\000\050\000\051\000\040\000[\0002\000/\0002\000]}{subsection.4.3.2}% 15
\BOOKMARK [2][-]{subsection.4.3.3}{\376\377\0004\000.\0003\000.\0003\000\040\000D\000o\000c\000u\000m\000e\000n\000t\000a\000c\000i\000\363\000n\000\040\000d\000e\000\040\000l\000a\000s\000\040\000f\000u\000n\000c\000i\000o\000n\000e\000s\000\040\000m\000i\000e\000m\000b\000r\000o}{section.4.3}% 16
\BOOKMARK [3][-]{subsubsection.4.3.3.1}{\376\377\0004\000.\0003\000.\0003\000.\0001\000\040\000b\000e\000g\000i\000n\000\050\000\051}{subsection.4.3.3}% 17
\BOOKMARK [3][-]{subsubsection.4.3.3.2}{\376\377\0004\000.\0003\000.\0003\000.\0002\000\040\000d\000e\000f\000a\000u\000l\000t\000\137\000v\000a\000l\000u\000e\000\050\000\051}{subsection.4.3.3}% 18
\BOOKMARK [3][-]{subsubsection.4.3.3.3}{\376\377\0004\000.\0003\000.\0003\000.\0003\000\040\000e\000m\000p\000t\000y\000\050\000\051}{subsection.4.3.3}% 19
\BOOKMARK [3][-]{subsubsection.4.3.3.4}{\376\377\0004\000.\0003\000.\0003\000.\0004\000\040\000e\000n\000d\000\050\000\051}{subsection.4.3.3}% 20
\BOOKMARK [3][-]{subsubsection.4.3.3.5}{\376\377\0004\000.\0003\000.\0003\000.\0005\000\040\000o\000p\000e\000r\000a\000t\000o\000r\000!\000=\000\050\000\051}{subsection.4.3.3}% 21
\BOOKMARK [3][-]{subsubsection.4.3.3.6}{\376\377\0004\000.\0003\000.\0003\000.\0006\000\040\000o\000p\000e\000r\000a\000t\000o\000r\000=\000\050\000\051}{subsection.4.3.3}% 22
\BOOKMARK [3][-]{subsubsection.4.3.3.7}{\376\377\0004\000.\0003\000.\0003\000.\0007\000\040\000o\000p\000e\000r\000a\000t\000o\000r\000=\000=\000\050\000\051}{subsection.4.3.3}% 23
\BOOKMARK [3][-]{subsubsection.4.3.3.8}{\376\377\0004\000.\0003\000.\0003\000.\0008\000\040\000o\000p\000e\000r\000a\000t\000o\000r\000[\000]\000\050\000\051}{subsection.4.3.3}% 24
\BOOKMARK [3][-]{subsubsection.4.3.3.9}{\376\377\0004\000.\0003\000.\0003\000.\0009\000\040\000p\000o\000p\000\137\000b\000a\000c\000k\000\050\000\051}{subsection.4.3.3}% 25
\BOOKMARK [3][-]{subsubsection.4.3.3.10}{\376\377\0004\000.\0003\000.\0003\000.\0001\0000\000\040\000p\000u\000s\000h\000\137\000b\000a\000c\000k\000\050\000\051}{subsection.4.3.3}% 26
\BOOKMARK [3][-]{subsubsection.4.3.3.11}{\376\377\0004\000.\0003\000.\0003\000.\0001\0001\000\040\000r\000e\000s\000i\000z\000e\000\050\000\051}{subsection.4.3.3}% 27
\BOOKMARK [3][-]{subsubsection.4.3.3.12}{\376\377\0004\000.\0003\000.\0003\000.\0001\0002\000\040\000s\000b\000e\000g\000i\000n\000\050\000\051}{subsection.4.3.3}% 28
\BOOKMARK [3][-]{subsubsection.4.3.3.13}{\376\377\0004\000.\0003\000.\0003\000.\0001\0003\000\040\000s\000e\000n\000d\000\050\000\051}{subsection.4.3.3}% 29
\BOOKMARK [3][-]{subsubsection.4.3.3.14}{\376\377\0004\000.\0003\000.\0003\000.\0001\0004\000\040\000s\000e\000t\000\050\000\051}{subsection.4.3.3}% 30
\BOOKMARK [3][-]{subsubsection.4.3.3.15}{\376\377\0004\000.\0003\000.\0003\000.\0001\0005\000\040\000s\000i\000z\000e\000\050\000\051}{subsection.4.3.3}% 31
\BOOKMARK [0][-]{chapter.5}{\376\377\0005\000\040\000D\000o\000c\000u\000m\000e\000n\000t\000a\000c\000i\000\363\000n\000\040\000d\000e\000\040\000a\000r\000c\000h\000i\000v\000o\000s}{}% 32
\BOOKMARK [1][-]{section.5.1}{\376\377\0005\000.\0001\000\040\000R\000e\000f\000e\000r\000e\000n\000c\000i\000a\000\040\000d\000e\000l\000\040\000A\000r\000c\000h\000i\000v\000o\000\040\000i\000n\000c\000l\000u\000d\000e\000/\000v\000e\000c\000t\000o\000r\000D\000.\000h}{chapter.5}% 33
