\BOOKMARK [0][-]{chapter.1}{\376\377\0001\000\040\000\315\000n\000d\000i\000c\000e\000\040\000d\000e\000\040\000c\000l\000a\000s\000e\000s}{}% 1
\BOOKMARK [1][-]{section.1.1}{\376\377\0001\000.\0001\000\040\000L\000i\000s\000t\000a\000\040\000d\000e\000\040\000c\000l\000a\000s\000e\000s}{chapter.1}% 2
\BOOKMARK [0][-]{chapter.2}{\376\377\0002\000\040\000I\000n\000d\000i\000c\000e\000\040\000d\000e\000\040\000a\000r\000c\000h\000i\000v\000o\000s}{}% 3
\BOOKMARK [1][-]{section.2.1}{\376\377\0002\000.\0001\000\040\000L\000i\000s\000t\000a\000\040\000d\000e\000\040\000a\000r\000c\000h\000i\000v\000o\000s}{chapter.2}% 4
\BOOKMARK [0][-]{chapter.3}{\376\377\0003\000\040\000D\000o\000c\000u\000m\000e\000n\000t\000a\000c\000i\000\363\000n\000\040\000d\000e\000\040\000l\000a\000s\000\040\000c\000l\000a\000s\000e\000s}{}% 5
\BOOKMARK [1][-]{section.3.1}{\376\377\0003\000.\0001\000\040\000R\000e\000f\000e\000r\000e\000n\000c\000i\000a\000\040\000d\000e\000\040\000l\000a\000\040\000p\000l\000a\000n\000t\000i\000l\000l\000a\000\040\000d\000e\000\040\000l\000a\000\040\000C\000l\000a\000s\000e\000\040\000b\000i\000n\000t\000r\000e\000e\000<\000\040\000T\000\040\000>}{chapter.3}% 6
\BOOKMARK [2][-]{subsection.3.1.1}{\376\377\0003\000.\0001\000.\0001\000\040\000D\000e\000s\000c\000r\000i\000p\000c\000i\000\363\000n\000\040\000d\000e\000t\000a\000l\000l\000a\000d\000a}{section.3.1}% 7
\BOOKMARK [2][-]{subsection.3.1.2}{\376\377\0003\000.\0001\000.\0002\000\040\000D\000o\000c\000u\000m\000e\000n\000t\000a\000c\000i\000\363\000n\000\040\000d\000e\000l\000\040\000c\000o\000n\000s\000t\000r\000u\000c\000t\000o\000r\000\040\000y\000\040\000d\000e\000s\000t\000r\000u\000c\000t\000o\000r}{section.3.1}% 8
\BOOKMARK [3][-]{subsubsection.3.1.2.1}{\376\377\0003\000.\0001\000.\0002\000.\0001\000\040\000b\000i\000n\000t\000r\000e\000e\000\050\000\051}{subsection.3.1.2}% 9
\BOOKMARK [3][-]{subsubsection.3.1.2.2}{\376\377\0003\000.\0001\000.\0002\000.\0002\000\040\000b\000i\000n\000t\000r\000e\000e\000\050\000c\000o\000n\000s\000t\000\040\000T\000\040\000e\000\051}{subsection.3.1.2}% 10
\BOOKMARK [3][-]{subsubsection.3.1.2.3}{\376\377\0003\000.\0001\000.\0002\000.\0003\000\040\000b\000i\000n\000t\000r\000e\000e\000\050\000c\000o\000n\000s\000t\000\040\000b\000i\000n\000t\000r\000e\000e\000<\000T\000\040\000>\000a\000\051}{subsection.3.1.2}% 11
\BOOKMARK [3][-]{subsubsection.3.1.2.4}{\376\377\0003\000.\0001\000.\0002\000.\0004\000\040\000\040\000b\000i\000n\000t\000r\000e\000e\000\050\000\051}{subsection.3.1.2}% 12
\BOOKMARK [2][-]{subsection.3.1.3}{\376\377\0003\000.\0001\000.\0003\000\040\000D\000o\000c\000u\000m\000e\000n\000t\000a\000c\000i\000\363\000n\000\040\000d\000e\000\040\000l\000a\000s\000\040\000f\000u\000n\000c\000i\000o\000n\000e\000s\000\040\000m\000i\000e\000m\000b\000r\000o}{section.3.1}% 13
\BOOKMARK [3][-]{subsubsection.3.1.3.1}{\376\377\0003\000.\0001\000.\0003\000.\0001\000\040\000a\000s\000s\000i\000g\000n\000s\000u\000b\000t\000r\000e\000e\000\050\000c\000o\000n\000s\000t\000\040\000b\000i\000n\000t\000r\000e\000e\000<\000T\000\040\000>\000a\000,\000\040\000n\000o\000d\000e\000\040\000n\000\051}{subsection.3.1.3}% 14
\BOOKMARK [3][-]{subsubsection.3.1.3.2}{\376\377\0003\000.\0001\000.\0003\000.\0002\000\040\000c\000l\000e\000a\000r\000\050\000\051}{subsection.3.1.3}% 15
\BOOKMARK [3][-]{subsubsection.3.1.3.3}{\376\377\0003\000.\0001\000.\0003\000.\0003\000\040\000e\000m\000p\000t\000y\000\050\000\051\000\040\000c\000o\000n\000s\000t\000\040}{subsection.3.1.3}% 16
\BOOKMARK [3][-]{subsubsection.3.1.3.4}{\376\377\0003\000.\0001\000.\0003\000.\0004\000\040\000i\000n\000s\000e\000r\000t\000l\000e\000f\000t\000\050\000c\000o\000n\000s\000t\000\040\000b\000i\000n\000t\000r\000e\000e\000<\000T\000\040\000>\000:\000:\000n\000o\000d\000e\000\040\000n\000,\000\040\000c\000o\000n\000s\000t\000\040\000T\000\040\000e\000\051}{subsection.3.1.3}% 17
\BOOKMARK [3][-]{subsubsection.3.1.3.5}{\376\377\0003\000.\0001\000.\0003\000.\0005\000\040\000i\000n\000s\000e\000r\000t\000l\000e\000f\000t\000\050\000n\000o\000d\000e\000\040\000n\000,\000\040\000b\000i\000n\000t\000r\000e\000e\000<\000T\000\040\000>\000r\000a\000m\000a\000\051}{subsection.3.1.3}% 18
\BOOKMARK [3][-]{subsubsection.3.1.3.6}{\376\377\0003\000.\0001\000.\0003\000.\0006\000\040\000i\000n\000s\000e\000r\000t\000r\000i\000g\000h\000t\000\050\000n\000o\000d\000e\000\040\000n\000,\000\040\000c\000o\000n\000s\000t\000\040\000T\000\040\000e\000\051}{subsection.3.1.3}% 19
\BOOKMARK [3][-]{subsubsection.3.1.3.7}{\376\377\0003\000.\0001\000.\0003\000.\0007\000\040\000i\000n\000s\000e\000r\000t\000r\000i\000g\000h\000t\000\050\000n\000o\000d\000e\000\040\000n\000,\000\040\000b\000i\000n\000t\000r\000e\000e\000<\000T\000\040\000>\000r\000a\000m\000a\000\051}{subsection.3.1.3}% 20
\BOOKMARK [3][-]{subsubsection.3.1.3.8}{\376\377\0003\000.\0001\000.\0003\000.\0008\000\040\000o\000p\000e\000r\000a\000t\000o\000r\000!\000=\000\050\000c\000o\000n\000s\000t\000\040\000b\000i\000n\000t\000r\000e\000e\000<\000T\000\040\000>\000a\000\051\000\040\000c\000o\000n\000s\000t\000\040}{subsection.3.1.3}% 21
\BOOKMARK [3][-]{subsubsection.3.1.3.9}{\376\377\0003\000.\0001\000.\0003\000.\0009\000\040\000o\000p\000e\000r\000a\000t\000o\000r\000=\000\050\000c\000o\000n\000s\000t\000\040\000b\000i\000n\000t\000r\000e\000e\000<\000T\000\040\000>\000a\000\051}{subsection.3.1.3}% 22
\BOOKMARK [3][-]{subsubsection.3.1.3.10}{\376\377\0003\000.\0001\000.\0003\000.\0001\0000\000\040\000o\000p\000e\000r\000a\000t\000o\000r\000=\000=\000\050\000c\000o\000n\000s\000t\000\040\000b\000i\000n\000t\000r\000e\000e\000<\000T\000\040\000>\000a\000\051\000\040\000c\000o\000n\000s\000t\000\040}{subsection.3.1.3}% 23
\BOOKMARK [3][-]{subsubsection.3.1.3.11}{\376\377\0003\000.\0001\000.\0003\000.\0001\0001\000\040\000p\000r\000u\000n\000e\000l\000e\000f\000t\000\050\000n\000o\000d\000e\000\040\000n\000,\000\040\000b\000i\000n\000t\000r\000e\000e\000<\000T\000\040\000>\000d\000e\000s\000t\000\051}{subsection.3.1.3}% 24
\BOOKMARK [3][-]{subsubsection.3.1.3.12}{\376\377\0003\000.\0001\000.\0003\000.\0001\0002\000\040\000p\000r\000u\000n\000e\000r\000i\000g\000h\000t\000\050\000n\000o\000d\000e\000\040\000n\000,\000\040\000b\000i\000n\000t\000r\000e\000e\000<\000T\000\040\000>\000d\000e\000s\000t\000\051}{subsection.3.1.3}% 25
\BOOKMARK [3][-]{subsubsection.3.1.3.13}{\376\377\0003\000.\0001\000.\0003\000.\0001\0003\000\040\000r\000e\000p\000l\000a\000c\000e\000s\000u\000b\000t\000r\000e\000e\000\050\000n\000o\000d\000e\000\040\000p\000o\000s\000,\000\040\000c\000o\000n\000s\000t\000\040\000b\000i\000n\000t\000r\000e\000e\000<\000T\000\040\000>\000a\000,\000\040\000n\000o\000d\000e\000\040\000n\000\051}{subsection.3.1.3}% 26
\BOOKMARK [3][-]{subsubsection.3.1.3.14}{\376\377\0003\000.\0001\000.\0003\000.\0001\0004\000\040\000r\000o\000o\000t\000\050\000\051\000\040\000c\000o\000n\000s\000t\000\040}{subsection.3.1.3}% 27
\BOOKMARK [3][-]{subsubsection.3.1.3.15}{\376\377\0003\000.\0001\000.\0003\000.\0001\0005\000\040\000s\000i\000z\000e\000\050\000\051\000\040\000c\000o\000n\000s\000t\000\040}{subsection.3.1.3}% 28
\BOOKMARK [1][-]{section.3.2}{\376\377\0003\000.\0002\000\040\000R\000e\000f\000e\000r\000e\000n\000c\000i\000a\000\040\000d\000e\000\040\000l\000a\000\040\000C\000l\000a\000s\000e\000\040\000b\000i\000n\000t\000r\000e\000e\000<\000\040\000T\000\040\000>\000:\000:\000c\000o\000n\000s\000t\000\137\000i\000n\000o\000r\000d\000e\000r\000\137\000i\000t\000e\000r\000a\000t\000o\000r}{chapter.3}% 29
\BOOKMARK [1][-]{section.3.3}{\376\377\0003\000.\0003\000\040\000R\000e\000f\000e\000r\000e\000n\000c\000i\000a\000\040\000d\000e\000\040\000l\000a\000\040\000C\000l\000a\000s\000e\000\040\000b\000i\000n\000t\000r\000e\000e\000<\000\040\000T\000\040\000>\000:\000:\000c\000o\000n\000s\000t\000\137\000l\000e\000v\000e\000l\000\137\000i\000t\000e\000r\000a\000t\000o\000r}{chapter.3}% 30
\BOOKMARK [1][-]{section.3.4}{\376\377\0003\000.\0004\000\040\000R\000e\000f\000e\000r\000e\000n\000c\000i\000a\000\040\000d\000e\000\040\000l\000a\000\040\000C\000l\000a\000s\000e\000\040\000b\000i\000n\000t\000r\000e\000e\000<\000\040\000T\000\040\000>\000:\000:\000c\000o\000n\000s\000t\000\137\000p\000o\000s\000t\000o\000r\000d\000e\000r\000\137\000i\000t\000e\000r\000a\000t\000o\000r}{chapter.3}% 31
\BOOKMARK [1][-]{section.3.5}{\376\377\0003\000.\0005\000\040\000R\000e\000f\000e\000r\000e\000n\000c\000i\000a\000\040\000d\000e\000\040\000l\000a\000\040\000C\000l\000a\000s\000e\000\040\000b\000i\000n\000t\000r\000e\000e\000<\000\040\000T\000\040\000>\000:\000:\000c\000o\000n\000s\000t\000\137\000p\000r\000e\000o\000r\000d\000e\000r\000\137\000i\000t\000e\000r\000a\000t\000o\000r}{chapter.3}% 32
\BOOKMARK [1][-]{section.3.6}{\376\377\0003\000.\0006\000\040\000R\000e\000f\000e\000r\000e\000n\000c\000i\000a\000\040\000d\000e\000\040\000l\000a\000\040\000C\000l\000a\000s\000e\000\040\000b\000i\000n\000t\000r\000e\000e\000<\000\040\000T\000\040\000>\000:\000:\000i\000n\000o\000r\000d\000e\000r\000\137\000i\000t\000e\000r\000a\000t\000o\000r}{chapter.3}% 33
\BOOKMARK [2][-]{subsection.3.6.1}{\376\377\0003\000.\0006\000.\0001\000\040\000D\000e\000s\000c\000r\000i\000p\000c\000i\000\363\000n\000\040\000d\000e\000t\000a\000l\000l\000a\000d\000a}{section.3.6}% 34
\BOOKMARK [1][-]{section.3.7}{\376\377\0003\000.\0007\000\040\000R\000e\000f\000e\000r\000e\000n\000c\000i\000a\000\040\000d\000e\000\040\000l\000a\000\040\000C\000l\000a\000s\000e\000\040\000b\000i\000n\000t\000r\000e\000e\000<\000\040\000T\000\040\000>\000:\000:\000l\000e\000v\000e\000l\000\137\000i\000t\000e\000r\000a\000t\000o\000r}{chapter.3}% 35
\BOOKMARK [2][-]{subsection.3.7.1}{\376\377\0003\000.\0007\000.\0001\000\040\000D\000e\000s\000c\000r\000i\000p\000c\000i\000\363\000n\000\040\000d\000e\000t\000a\000l\000l\000a\000d\000a}{section.3.7}% 36
\BOOKMARK [1][-]{section.3.8}{\376\377\0003\000.\0008\000\040\000R\000e\000f\000e\000r\000e\000n\000c\000i\000a\000\040\000d\000e\000\040\000l\000a\000\040\000C\000l\000a\000s\000e\000\040\000b\000i\000n\000t\000r\000e\000e\000<\000\040\000T\000\040\000>\000:\000:\000n\000o\000d\000e}{chapter.3}% 37
\BOOKMARK [2][-]{subsection.3.8.1}{\376\377\0003\000.\0008\000.\0001\000\040\000D\000o\000c\000u\000m\000e\000n\000t\000a\000c\000i\000\363\000n\000\040\000d\000e\000l\000\040\000c\000o\000n\000s\000t\000r\000u\000c\000t\000o\000r\000\040\000y\000\040\000d\000e\000s\000t\000r\000u\000c\000t\000o\000r}{section.3.8}% 38
\BOOKMARK [3][-]{subsubsection.3.8.1.1}{\376\377\0003\000.\0008\000.\0001\000.\0001\000\040\000n\000o\000d\000e\000\050\000c\000o\000n\000s\000t\000\040\000T\000\040\000e\000\051}{subsection.3.8.1}% 39
\BOOKMARK [3][-]{subsubsection.3.8.1.2}{\376\377\0003\000.\0008\000.\0001\000.\0002\000\040\000n\000o\000d\000e\000\050\000c\000o\000n\000s\000t\000\040\000n\000o\000d\000e\000\040\000n\000\051}{subsection.3.8.1}% 40
\BOOKMARK [2][-]{subsection.3.8.2}{\376\377\0003\000.\0008\000.\0002\000\040\000D\000o\000c\000u\000m\000e\000n\000t\000a\000c\000i\000\363\000n\000\040\000d\000e\000\040\000l\000a\000s\000\040\000f\000u\000n\000c\000i\000o\000n\000e\000s\000\040\000m\000i\000e\000m\000b\000r\000o}{section.3.8}% 41
\BOOKMARK [3][-]{subsubsection.3.8.2.1}{\376\377\0003\000.\0008\000.\0002\000.\0001\000\040\000l\000e\000f\000t\000\050\000\051\000\040\000c\000o\000n\000s\000t\000\040}{subsection.3.8.2}% 42
\BOOKMARK [3][-]{subsubsection.3.8.2.2}{\376\377\0003\000.\0008\000.\0002\000.\0002\000\040\000o\000p\000e\000r\000a\000t\000o\000r\000!\000=\000\050\000c\000o\000n\000s\000t\000\040\000n\000o\000d\000e\000\040\000n\000\051\000\040\000c\000o\000n\000s\000t\000\040}{subsection.3.8.2}% 43
\BOOKMARK [3][-]{subsubsection.3.8.2.3}{\376\377\0003\000.\0008\000.\0002\000.\0003\000\040\000o\000p\000e\000r\000a\000t\000o\000r\000*\000\050\000\051}{subsection.3.8.2}% 44
\BOOKMARK [3][-]{subsubsection.3.8.2.4}{\376\377\0003\000.\0008\000.\0002\000.\0004\000\040\000o\000p\000e\000r\000a\000t\000o\000r\000*\000\050\000\051\000\040\000c\000o\000n\000s\000t\000\040}{subsection.3.8.2}% 45
\BOOKMARK [3][-]{subsubsection.3.8.2.5}{\376\377\0003\000.\0008\000.\0002\000.\0005\000\040\000o\000p\000e\000r\000a\000t\000o\000r\000=\000\050\000c\000o\000n\000s\000t\000\040\000n\000o\000d\000e\000\040\000n\000\051}{subsection.3.8.2}% 46
\BOOKMARK [3][-]{subsubsection.3.8.2.6}{\376\377\0003\000.\0008\000.\0002\000.\0006\000\040\000o\000p\000e\000r\000a\000t\000o\000r\000=\000=\000\050\000c\000o\000n\000s\000t\000\040\000n\000o\000d\000e\000\040\000n\000\051\000\040\000c\000o\000n\000s\000t\000\040}{subsection.3.8.2}% 47
\BOOKMARK [3][-]{subsubsection.3.8.2.7}{\376\377\0003\000.\0008\000.\0002\000.\0007\000\040\000p\000a\000r\000e\000n\000t\000\050\000\051\000\040\000c\000o\000n\000s\000t\000\040}{subsection.3.8.2}% 48
\BOOKMARK [3][-]{subsubsection.3.8.2.8}{\376\377\0003\000.\0008\000.\0002\000.\0008\000\040\000r\000e\000m\000o\000v\000e\000\050\000\051}{subsection.3.8.2}% 49
\BOOKMARK [3][-]{subsubsection.3.8.2.9}{\376\377\0003\000.\0008\000.\0002\000.\0009\000\040\000r\000i\000g\000h\000t\000\050\000\051\000\040\000c\000o\000n\000s\000t\000\040}{subsection.3.8.2}% 50
\BOOKMARK [1][-]{section.3.9}{\376\377\0003\000.\0009\000\040\000R\000e\000f\000e\000r\000e\000n\000c\000i\000a\000\040\000d\000e\000\040\000l\000a\000\040\000C\000l\000a\000s\000e\000\040\000b\000i\000n\000t\000r\000e\000e\000<\000\040\000T\000\040\000>\000:\000:\000p\000o\000s\000t\000o\000r\000d\000e\000r\000\137\000i\000t\000e\000r\000a\000t\000o\000r}{chapter.3}% 51
\BOOKMARK [2][-]{subsection.3.9.1}{\376\377\0003\000.\0009\000.\0001\000\040\000D\000e\000s\000c\000r\000i\000p\000c\000i\000\363\000n\000\040\000d\000e\000t\000a\000l\000l\000a\000d\000a}{section.3.9}% 52
\BOOKMARK [1][-]{section.3.10}{\376\377\0003\000.\0001\0000\000\040\000R\000e\000f\000e\000r\000e\000n\000c\000i\000a\000\040\000d\000e\000\040\000l\000a\000\040\000C\000l\000a\000s\000e\000\040\000P\000r\000e\000g\000u\000n\000t\000a}{chapter.3}% 53
\BOOKMARK [2][-]{subsection.3.10.1}{\376\377\0003\000.\0001\0000\000.\0001\000\040\000D\000e\000s\000c\000r\000i\000p\000c\000i\000\363\000n\000\040\000d\000e\000t\000a\000l\000l\000a\000d\000a}{section.3.10}% 54
\BOOKMARK [2][-]{subsection.3.10.2}{\376\377\0003\000.\0001\0000\000.\0002\000\040\000D\000o\000c\000u\000m\000e\000n\000t\000a\000c\000i\000\363\000n\000\040\000d\000e\000l\000\040\000c\000o\000n\000s\000t\000r\000u\000c\000t\000o\000r\000\040\000y\000\040\000d\000e\000s\000t\000r\000u\000c\000t\000o\000r}{section.3.10}% 55
\BOOKMARK [3][-]{subsubsection.3.10.2.1}{\376\377\0003\000.\0001\0000\000.\0002\000.\0001\000\040\000P\000r\000e\000g\000u\000n\000t\000a\000\050\000\051}{subsection.3.10.2}% 56
\BOOKMARK [3][-]{subsubsection.3.10.2.2}{\376\377\0003\000.\0001\0000\000.\0002\000.\0002\000\040\000P\000r\000e\000g\000u\000n\000t\000a\000\050\000c\000o\000n\000s\000t\000\040\000P\000r\000e\000g\000u\000n\000t\000a\000\040\000p\000r\000e\000g\000u\000n\000t\000a\000\051}{subsection.3.10.2}% 57
\BOOKMARK [3][-]{subsubsection.3.10.2.3}{\376\377\0003\000.\0001\0000\000.\0002\000.\0003\000\040\000P\000r\000e\000g\000u\000n\000t\000a\000\050\000c\000o\000n\000s\000t\000\040\000s\000t\000r\000i\000n\000g\000\040\000a\000t\000r\000i\000b\000u\000t\000o\000,\000\040\000c\000o\000n\000s\000t\000\040\000i\000n\000t\000\040\000n\000u\000m\000p\000e\000r\000s\000o\000n\000a\000j\000e\000s\000\051}{subsection.3.10.2}% 58
\BOOKMARK [3][-]{subsubsection.3.10.2.4}{\376\377\0003\000.\0001\0000\000.\0002\000.\0004\000\040\000\040\000P\000r\000e\000g\000u\000n\000t\000a\000\050\000\051}{subsection.3.10.2}% 59
\BOOKMARK [2][-]{subsection.3.10.3}{\376\377\0003\000.\0001\0000\000.\0003\000\040\000D\000o\000c\000u\000m\000e\000n\000t\000a\000c\000i\000\363\000n\000\040\000d\000e\000\040\000l\000a\000s\000\040\000f\000u\000n\000c\000i\000o\000n\000e\000s\000\040\000m\000i\000e\000m\000b\000r\000o}{section.3.10}% 60
\BOOKMARK [3][-]{subsubsection.3.10.3.1}{\376\377\0003\000.\0001\0000\000.\0003\000.\0001\000\040\000o\000b\000t\000e\000n\000e\000r\000p\000e\000r\000s\000o\000n\000a\000j\000e\000\050\000\051\000\040\000c\000o\000n\000s\000t\000\040}{subsection.3.10.3}% 61
\BOOKMARK [3][-]{subsubsection.3.10.3.2}{\376\377\0003\000.\0001\0000\000.\0003\000.\0002\000\040\000o\000b\000t\000e\000n\000e\000r\000p\000r\000e\000g\000u\000n\000t\000a\000\050\000\051\000\040\000c\000o\000n\000s\000t\000\040}{subsection.3.10.3}% 62
\BOOKMARK [3][-]{subsubsection.3.10.3.3}{\376\377\0003\000.\0001\0000\000.\0003\000.\0003\000\040\000o\000p\000e\000r\000a\000t\000o\000r\000=\000\050\000c\000o\000n\000s\000t\000\040\000P\000r\000e\000g\000u\000n\000t\000a\000\040\000p\000r\000e\000g\000u\000n\000t\000a\000\051}{subsection.3.10.3}% 63
\BOOKMARK [2][-]{subsection.3.10.4}{\376\377\0003\000.\0001\0000\000.\0004\000\040\000D\000o\000c\000u\000m\000e\000n\000t\000a\000c\000i\000\363\000n\000\040\000d\000e\000\040\000l\000a\000s\000\040\000f\000u\000n\000c\000i\000o\000n\000e\000s\000\040\000r\000e\000l\000a\000c\000i\000o\000n\000a\000d\000a\000s\000\040\000y\000\040\000c\000l\000a\000s\000e\000s\000\040\000a\000m\000i\000g\000a\000s}{section.3.10}% 64
\BOOKMARK [3][-]{subsubsection.3.10.4.1}{\376\377\0003\000.\0001\0000\000.\0004\000.\0001\000\040\000o\000p\000e\000r\000a\000t\000o\000r\000\253}{subsection.3.10.4}% 65
\BOOKMARK [1][-]{section.3.11}{\376\377\0003\000.\0001\0001\000\040\000R\000e\000f\000e\000r\000e\000n\000c\000i\000a\000\040\000d\000e\000\040\000l\000a\000\040\000C\000l\000a\000s\000e\000\040\000b\000i\000n\000t\000r\000e\000e\000<\000\040\000T\000\040\000>\000:\000:\000p\000r\000e\000o\000r\000d\000e\000r\000\137\000i\000t\000e\000r\000a\000t\000o\000r}{chapter.3}% 66
\BOOKMARK [2][-]{subsection.3.11.1}{\376\377\0003\000.\0001\0001\000.\0001\000\040\000D\000e\000s\000c\000r\000i\000p\000c\000i\000\363\000n\000\040\000d\000e\000t\000a\000l\000l\000a\000d\000a}{section.3.11}% 67
\BOOKMARK [1][-]{section.3.12}{\376\377\0003\000.\0001\0002\000\040\000R\000e\000f\000e\000r\000e\000n\000c\000i\000a\000\040\000d\000e\000\040\000l\000a\000\040\000C\000l\000a\000s\000e\000\040\000Q\000u\000i\000e\000n\000E\000s\000Q\000u\000i\000e\000n}{chapter.3}% 68
\BOOKMARK [2][-]{subsection.3.12.1}{\376\377\0003\000.\0001\0002\000.\0001\000\040\000D\000e\000s\000c\000r\000i\000p\000c\000i\000\363\000n\000\040\000d\000e\000t\000a\000l\000l\000a\000d\000a}{section.3.12}% 69
\BOOKMARK [2][-]{subsection.3.12.2}{\376\377\0003\000.\0001\0002\000.\0002\000\040\000D\000o\000c\000u\000m\000e\000n\000t\000a\000c\000i\000\363\000n\000\040\000d\000e\000l\000\040\000c\000o\000n\000s\000t\000r\000u\000c\000t\000o\000r\000\040\000y\000\040\000d\000e\000s\000t\000r\000u\000c\000t\000o\000r}{section.3.12}% 70
\BOOKMARK [3][-]{subsubsection.3.12.2.1}{\376\377\0003\000.\0001\0002\000.\0002\000.\0001\000\040\000Q\000u\000i\000e\000n\000E\000s\000Q\000u\000i\000e\000n\000\050\000c\000o\000n\000s\000t\000\040\000Q\000u\000i\000e\000n\000E\000s\000Q\000u\000i\000e\000n\000\040\000q\000u\000i\000e\000n\000E\000s\000Q\000u\000i\000e\000n\000\051}{subsection.3.12.2}% 71
\BOOKMARK [2][-]{subsection.3.12.3}{\376\377\0003\000.\0001\0002\000.\0003\000\040\000D\000o\000c\000u\000m\000e\000n\000t\000a\000c\000i\000\363\000n\000\040\000d\000e\000\040\000l\000a\000s\000\040\000f\000u\000n\000c\000i\000o\000n\000e\000s\000\040\000m\000i\000e\000m\000b\000r\000o}{section.3.12}% 72
\BOOKMARK [3][-]{subsubsection.3.12.3.1}{\376\377\0003\000.\0001\0002\000.\0003\000.\0001\000\040\000a\000n\000i\000a\000d\000e\000p\000e\000r\000s\000o\000n\000a\000j\000e\000\050\000s\000t\000r\000i\000n\000g\000\040\000n\000o\000m\000b\000r\000e\000,\000\040\000v\000e\000c\000t\000o\000r\000<\000b\000o\000o\000l\000\040\000>\000c\000a\000r\000a\000c\000t\000e\000r\000i\000s\000t\000i\000c\000a\000s\000\051}{subsection.3.12.3}% 73
\BOOKMARK [3][-]{subsubsection.3.12.3.2}{\376\377\0003\000.\0001\0002\000.\0003\000.\0002\000\040\000e\000l\000i\000m\000i\000n\000a\000p\000e\000r\000s\000o\000n\000a\000j\000e\000\050\000s\000t\000r\000i\000n\000g\000\040\000n\000o\000m\000b\000r\000e\000\051}{subsection.3.12.3}% 74
\BOOKMARK [3][-]{subsubsection.3.12.3.3}{\376\377\0003\000.\0001\0002\000.\0003\000.\0003\000\040\000e\000l\000i\000m\000i\000n\000a\000r\000n\000o\000d\000o\000s\000r\000e\000d\000u\000n\000d\000a\000n\000t\000e\000s\000\050\000\051}{subsection.3.12.3}% 75
\BOOKMARK [3][-]{subsubsection.3.12.3.4}{\376\377\0003\000.\0001\0002\000.\0003\000.\0004\000\040\000i\000n\000f\000o\000r\000m\000a\000c\000i\000o\000n\000j\000u\000g\000a\000d\000a\000\050\000b\000i\000n\000t\000r\000e\000e\000<\000P\000r\000e\000g\000u\000n\000t\000a\000\040\000>\000:\000:\000n\000o\000d\000e\000\040\000j\000u\000g\000a\000d\000a\000a\000c\000t\000u\000a\000l\000\051}{subsection.3.12.3}% 76
\BOOKMARK [3][-]{subsubsection.3.12.3.5}{\376\377\0003\000.\0001\0002\000.\0003\000.\0005\000\040\000i\000n\000i\000c\000i\000a\000r\000j\000u\000e\000g\000o\000\050\000\051}{subsection.3.12.3}% 77
\BOOKMARK [3][-]{subsubsection.3.12.3.6}{\376\377\0003\000.\0001\0002\000.\0003\000.\0006\000\040\000o\000p\000e\000r\000a\000t\000o\000r\000=\000\050\000c\000o\000n\000s\000t\000\040\000Q\000u\000i\000e\000n\000E\000s\000Q\000u\000i\000e\000n\000\040\000q\000u\000i\000e\000n\000E\000s\000Q\000u\000i\000e\000n\000\051}{subsection.3.12.3}% 78
\BOOKMARK [3][-]{subsubsection.3.12.3.7}{\376\377\0003\000.\0001\0002\000.\0003\000.\0007\000\040\000p\000r\000e\000g\000u\000n\000t\000a\000s\000f\000o\000r\000m\000u\000l\000a\000d\000a\000s\000\050\000b\000i\000n\000t\000r\000e\000e\000<\000P\000r\000e\000g\000u\000n\000t\000a\000\040\000>\000:\000:\000n\000o\000d\000e\000\040\000j\000u\000g\000a\000d\000a\000\051}{subsection.3.12.3}% 79
\BOOKMARK [3][-]{subsubsection.3.12.3.8}{\376\377\0003\000.\0001\0002\000.\0003\000.\0008\000\040\000p\000r\000o\000f\000u\000n\000d\000i\000d\000a\000d\000p\000r\000o\000m\000e\000d\000i\000o\000h\000o\000j\000a\000s\000\050\000\051}{subsection.3.12.3}% 80
\BOOKMARK [3][-]{subsubsection.3.12.3.9}{\376\377\0003\000.\0001\0002\000.\0003\000.\0009\000\040\000t\000a\000b\000l\000e\000r\000o\000a\000l\000e\000a\000t\000o\000r\000i\000o\000\050\000i\000n\000t\000\040\000n\000u\000m\000e\000r\000o\000d\000e\000p\000e\000r\000s\000o\000n\000a\000j\000e\000s\000\051}{subsection.3.12.3}% 81
\BOOKMARK [3][-]{subsubsection.3.12.3.10}{\376\377\0003\000.\0001\0002\000.\0003\000.\0001\0000\000\040\000u\000s\000a\000r\000a\000r\000b\000o\000l\000\050\000b\000i\000n\000t\000r\000e\000e\000<\000P\000r\000e\000g\000u\000n\000t\000a\000\040\000>\000a\000r\000b\000o\000l\000n\000u\000e\000v\000o\000\051}{subsection.3.12.3}% 82
\BOOKMARK [2][-]{subsection.3.12.4}{\376\377\0003\000.\0001\0002\000.\0004\000\040\000D\000o\000c\000u\000m\000e\000n\000t\000a\000c\000i\000\363\000n\000\040\000d\000e\000\040\000l\000a\000s\000\040\000f\000u\000n\000c\000i\000o\000n\000e\000s\000\040\000r\000e\000l\000a\000c\000i\000o\000n\000a\000d\000a\000s\000\040\000y\000\040\000c\000l\000a\000s\000e\000s\000\040\000a\000m\000i\000g\000a\000s}{section.3.12}% 83
\BOOKMARK [3][-]{subsubsection.3.12.4.1}{\376\377\0003\000.\0001\0002\000.\0004\000.\0001\000\040\000o\000p\000e\000r\000a\000t\000o\000r\000\253}{subsection.3.12.4}% 84
\BOOKMARK [3][-]{subsubsection.3.12.4.2}{\376\377\0003\000.\0001\0002\000.\0004\000.\0002\000\040\000o\000p\000e\000r\000a\000t\000o\000r\000\273}{subsection.3.12.4}% 85
\BOOKMARK [0][-]{chapter.4}{\376\377\0004\000\040\000D\000o\000c\000u\000m\000e\000n\000t\000a\000c\000i\000\363\000n\000\040\000d\000e\000\040\000a\000r\000c\000h\000i\000v\000o\000s}{}% 86
\BOOKMARK [1][-]{section.4.1}{\376\377\0004\000.\0001\000\040\000R\000e\000f\000e\000r\000e\000n\000c\000i\000a\000\040\000d\000e\000l\000\040\000A\000r\000c\000h\000i\000v\000o\000\040\000i\000n\000c\000l\000u\000d\000e\000/\000q\000u\000i\000e\000n\000e\000s\000q\000u\000i\000e\000n\000.\000h}{chapter.4}% 87
